<?xml version="1.0" encoding="UTF-8"?>
<testng-results skipped="0" failed="0" ignored="0" total="1" passed="1">
  <reporter-output>
  </reporter-output>
  <suite name="TestAll" duration-ms="13223" started-at="2018-06-17T20:32:28Z" finished-at="2018-06-17T20:32:41Z">
    <groups>
    </groups>
    <test name="order" duration-ms="13223" started-at="2018-06-17T20:32:28Z" finished-at="2018-06-17T20:32:41Z">
      <class name="LoginTest">
        <test-method status="PASS" signature="init()[pri:0, instance:LoginTest@703feacd]" name="init" is-config="true" duration-ms="47840" started-at="2018-06-17T23:31:40Z" finished-at="2018-06-17T23:32:28Z">
          <reporter-output>
          </reporter-output>
        </test-method> <!-- init -->
        <test-method status="PASS" signature="test()[pri:0, instance:LoginTest@703feacd]" name="test" duration-ms="9841" started-at="2018-06-17T23:32:28Z" finished-at="2018-06-17T23:32:38Z">
          <reporter-output>
          </reporter-output>
        </test-method> <!-- test -->
        <test-method status="PASS" signature="tearDown()[pri:0, instance:LoginTest@703feacd]" name="tearDown" is-config="true" duration-ms="1959" started-at="2018-06-17T23:32:39Z" finished-at="2018-06-17T23:32:41Z">
          <reporter-output>
          </reporter-output>
        </test-method> <!-- tearDown -->
      </class> <!-- LoginTest -->
    </test> <!-- order -->
  </suite> <!-- TestAll -->
</testng-results>
